<?xml version="1.0" encoding="UTF-8"?>
<!-- Generated by org.testng.reporters.JUnitReportReporter -->
<testsuite hostname="ART241318" failures="0" tests="1" name="testSuites.ChangePasswordTestSuite" time="9.882" errors="0" timestamp="2024-10-10T19:08:22 IST" skipped="0">
  <testcase classname="testSuites.ChangePasswordTestSuite" name="tc123_ChnagePasswordTest" time="9.882"/>
  <system-out/>
</testsuite> <!-- testSuites.ChangePasswordTestSuite -->
